{
  "D:\\F Drive\\interview\\Assignment-College-Student-Management-System\\src\\app.controller.ts": {
    "path": "D:\\F Drive\\interview\\Assignment-College-Student-Management-System\\src\\app.controller.ts",
    "statementMap": {
      "0": {
        "start": {
          "line": 1,
          "column": 0
        },
        "end": {
          "line": 1,
          "column": 49
        }
      },
      "1": {
        "start": {
          "line": 2,
          "column": 0
        },
        "end": {
          "line": 2,
          "column": 43
        }
      },
      "2": {
        "start": {
          "line": 5,
          "column": 7
        },
        "end": {
          "line": 12,
          "column": null
        }
      },
      "3": {
        "start": {
          "line": 6,
          "column": 31
        },
        "end": {
          "line": 6,
          "column": 43
        }
      },
      "4": {
        "start": {
          "line": 10,
          "column": 4
        },
        "end": {
          "line": 10,
          "column": 38
        }
      },
      "5": {
        "start": {
          "line": 8,
          "column": 2
        },
        "end": {
          "line": 11,
          "column": null
        }
      },
      "6": {
        "start": {
          "line": 5,
          "column": 13
        },
        "end": {
          "line": 12,
          "column": null
        }
      },
      "7": {
        "start": {
          "line": 5,
          "column": 13
        },
        "end": {
          "line": 5,
          "column": 26
        }
      }
    },
    "fnMap": {
      "0": {
        "name": "(anonymous_2)",
        "decl": {
          "start": {
            "line": 6,
            "column": 2
          },
          "end": {
            "line": 6,
            "column": 31
          }
        },
        "loc": {
          "start": {
            "line": 6,
            "column": 53
          },
          "end": {
            "line": 6,
            "column": 57
          }
        }
      },
      "1": {
        "name": "(anonymous_3)",
        "decl": {
          "start": {
            "line": 9,
            "column": 2
          },
          "end": {
            "line": 9,
            "column": 10
          }
        },
        "loc": {
          "start": {
            "line": 9,
            "column": 10
          },
          "end": {
            "line": 11,
            "column": 3
          }
        }
      }
    },
    "branchMap": {},
    "s": {
      "0": 1,
      "1": 1,
      "2": 1,
      "3": 1,
      "4": 1,
      "5": 1,
      "6": 1,
      "7": 1
    },
    "f": {
      "0": 1,
      "1": 1
    },
    "b": {}
  },
  "D:\\F Drive\\interview\\Assignment-College-Student-Management-System\\src\\app.module.ts": {
    "path": "D:\\F Drive\\interview\\Assignment-College-Student-Management-System\\src\\app.module.ts",
    "statementMap": {
      "0": {
        "start": {
          "line": 1,
          "column": 0
        },
        "end": {
          "line": 1,
          "column": 40
        }
      },
      "1": {
        "start": {
          "line": 2,
          "column": 0
        },
        "end": {
          "line": 2,
          "column": 50
        }
      },
      "2": {
        "start": {
          "line": 3,
          "column": 0
        },
        "end": {
          "line": 3,
          "column": 46
        }
      },
      "3": {
        "start": {
          "line": 4,
          "column": 0
        },
        "end": {
          "line": 4,
          "column": 59
        }
      },
      "4": {
        "start": {
          "line": 5,
          "column": 0
        },
        "end": {
          "line": 5,
          "column": 51
        }
      },
      "5": {
        "start": {
          "line": 6,
          "column": 0
        },
        "end": {
          "line": 6,
          "column": 80
        }
      },
      "6": {
        "start": {
          "line": 7,
          "column": 0
        },
        "end": {
          "line": 7,
          "column": 49
        }
      },
      "7": {
        "start": {
          "line": 8,
          "column": 0
        },
        "end": {
          "line": 8,
          "column": 43
        }
      },
      "8": {
        "start": {
          "line": 9,
          "column": 0
        },
        "end": {
          "line": 9,
          "column": 23
        }
      },
      "9": {
        "start": {
          "line": 10,
          "column": 0
        },
        "end": {
          "line": 10,
          "column": 51
        }
      },
      "10": {
        "start": {
          "line": 11,
          "column": 0
        },
        "end": {
          "line": 11,
          "column": 48
        }
      },
      "11": {
        "start": {
          "line": 12,
          "column": 0
        },
        "end": {
          "line": 12,
          "column": 60
        }
      },
      "12": {
        "start": {
          "line": 14,
          "column": 0
        },
        "end": {
          "line": 14,
          "column": 56
        }
      },
      "13": {
        "start": {
          "line": 15,
          "column": 0
        },
        "end": {
          "line": 15,
          "column": 52
        }
      },
      "14": {
        "start": {
          "line": 16,
          "column": 0
        },
        "end": {
          "line": 16,
          "column": 42
        }
      },
      "15": {
        "start": {
          "line": 18,
          "column": 22
        },
        "end": {
          "line": 18,
          "column": 47
        }
      },
      "16": {
        "start": {
          "line": 59,
          "column": 7
        },
        "end": {
          "line": 59,
          "column": null
        }
      },
      "17": {
        "start": {
          "line": 59,
          "column": 13
        },
        "end": {
          "line": 59,
          "column": null
        }
      },
      "18": {
        "start": {
          "line": 59,
          "column": 13
        },
        "end": {
          "line": 59,
          "column": 22
        }
      }
    },
    "fnMap": {},
    "branchMap": {},
    "s": {
      "0": 0,
      "1": 0,
      "2": 0,
      "3": 0,
      "4": 0,
      "5": 0,
      "6": 0,
      "7": 0,
      "8": 0,
      "9": 0,
      "10": 0,
      "11": 0,
      "12": 0,
      "13": 0,
      "14": 0,
      "15": 0,
      "16": 0,
      "17": 0,
      "18": 0
    },
    "f": {},
    "b": {}
  },
  "D:\\F Drive\\interview\\Assignment-College-Student-Management-System\\src\\app.service.ts": {
    "path": "D:\\F Drive\\interview\\Assignment-College-Student-Management-System\\src\\app.service.ts",
    "statementMap": {
      "0": {
        "start": {
          "line": 1,
          "column": 0
        },
        "end": {
          "line": 1,
          "column": 44
        }
      },
      "1": {
        "start": {
          "line": 4,
          "column": 7
        },
        "end": {
          "line": 8,
          "column": null
        }
      },
      "2": {
        "start": {
          "line": 6,
          "column": 4
        },
        "end": {
          "line": 6,
          "column": 26
        }
      },
      "3": {
        "start": {
          "line": 4,
          "column": 13
        },
        "end": {
          "line": 8,
          "column": null
        }
      },
      "4": {
        "start": {
          "line": 4,
          "column": 13
        },
        "end": {
          "line": 4,
          "column": 23
        }
      }
    },
    "fnMap": {
      "0": {
        "name": "(anonymous_1)",
        "decl": {
          "start": {
            "line": 5,
            "column": 2
          },
          "end": {
            "line": 5,
            "column": 10
          }
        },
        "loc": {
          "start": {
            "line": 5,
            "column": 10
          },
          "end": {
            "line": 7,
            "column": 3
          }
        }
      }
    },
    "branchMap": {},
    "s": {
      "0": 1,
      "1": 1,
      "2": 1,
      "3": 1,
      "4": 1
    },
    "f": {
      "0": 1
    },
    "b": {}
  },
  "D:\\F Drive\\interview\\Assignment-College-Student-Management-System\\src\\main.ts": {
    "path": "D:\\F Drive\\interview\\Assignment-College-Student-Management-System\\src\\main.ts",
    "statementMap": {
      "0": {
        "start": {
          "line": 1,
          "column": 0
        },
        "end": {
          "line": 1,
          "column": 43
        }
      },
      "1": {
        "start": {
          "line": 2,
          "column": 0
        },
        "end": {
          "line": 2,
          "column": 40
        }
      },
      "2": {
        "start": {
          "line": 3,
          "column": 0
        },
        "end": {
          "line": 3,
          "column": 41
        }
      },
      "3": {
        "start": {
          "line": 4,
          "column": 0
        },
        "end": {
          "line": 4,
          "column": 65
        }
      },
      "4": {
        "start": {
          "line": 5,
          "column": 0
        },
        "end": {
          "line": 5,
          "column": 33
        }
      },
      "5": {
        "start": {
          "line": 6,
          "column": 0
        },
        "end": {
          "line": 6,
          "column": 46
        }
      },
      "6": {
        "start": {
          "line": 7,
          "column": 0
        },
        "end": {
          "line": 7,
          "column": 43
        }
      },
      "7": {
        "start": {
          "line": 8,
          "column": 0
        },
        "end": {
          "line": 8,
          "column": 25
        }
      },
      "8": {
        "start": {
          "line": 9,
          "column": 0
        },
        "end": {
          "line": 9,
          "column": 23
        }
      },
      "9": {
        "start": {
          "line": 11,
          "column": 13
        },
        "end": {
          "line": 11,
          "column": 37
        }
      },
      "10": {
        "start": {
          "line": 14,
          "column": 14
        },
        "end": {
          "line": 14,
          "column": 49
        }
      },
      "11": {
        "start": {
          "line": 16,
          "column": 2
        },
        "end": {
          "line": 16,
          "column": 74
        }
      },
      "12": {
        "start": {
          "line": 18,
          "column": 18
        },
        "end": {
          "line": 27,
          "column": 4
        }
      },
      "13": {
        "start": {
          "line": 30,
          "column": 19
        },
        "end": {
          "line": 35,
          "column": 14
        }
      },
      "14": {
        "start": {
          "line": 36,
          "column": 21
        },
        "end": {
          "line": 36,
          "column": 62
        }
      },
      "15": {
        "start": {
          "line": 37,
          "column": 4
        },
        "end": {
          "line": 37,
          "column": 70
        }
      },
      "16": {
        "start": {
          "line": 38,
          "column": 4
        },
        "end": {
          "line": 38,
          "column": 50
        }
      },
      "17": {
        "start": {
          "line": 41,
          "column": 2
        },
        "end": {
          "line": 41,
          "column": 20
        }
      },
      "18": {
        "start": {
          "line": 42,
          "column": 2
        },
        "end": {
          "line": 42,
          "column": 26
        }
      },
      "19": {
        "start": {
          "line": 43,
          "column": 2
        },
        "end": {
          "line": 48,
          "column": 4
        }
      },
      "20": {
        "start": {
          "line": 49,
          "column": 2
        },
        "end": {
          "line": 49,
          "column": 26
        }
      },
      "21": {
        "start": {
          "line": 50,
          "column": 2
        },
        "end": {
          "line": 50,
          "column": 25
        }
      },
      "22": {
        "start": {
          "line": 51,
          "column": 2
        },
        "end": {
          "line": 51,
          "column": 72
        }
      },
      "23": {
        "start": {
          "line": 53,
          "column": 0
        },
        "end": {
          "line": 53,
          "column": 12
        }
      },
      "24": {
        "start": {
          "line": 56,
          "column": 2
        },
        "end": {
          "line": 61,
          "column": null
        }
      },
      "25": {
        "start": {
          "line": 60,
          "column": 4
        },
        "end": {
          "line": 60,
          "column": 17
        }
      },
      "26": {
        "start": {
          "line": 63,
          "column": 2
        },
        "end": {
          "line": 63,
          "column": 38
        }
      }
    },
    "fnMap": {
      "0": {
        "name": "bootstrap",
        "decl": {
          "start": {
            "line": 13,
            "column": 15
          },
          "end": {
            "line": 13,
            "column": 24
          }
        },
        "loc": {
          "start": {
            "line": 13,
            "column": 24
          },
          "end": {
            "line": 52,
            "column": 1
          }
        }
      },
      "1": {
        "name": "shouldCompress",
        "decl": {
          "start": {
            "line": 55,
            "column": 9
          },
          "end": {
            "line": 55,
            "column": 23
          }
        },
        "loc": {
          "start": {
            "line": 55,
            "column": 32
          },
          "end": {
            "line": 64,
            "column": 1
          }
        }
      }
    },
    "branchMap": {
      "0": {
        "loc": {
          "start": {
            "line": 11,
            "column": 13
          },
          "end": {
            "line": 11,
            "column": 37
          }
        },
        "type": "binary-expr",
        "locations": [
          {
            "start": {
              "line": 11,
              "column": 13
            },
            "end": {
              "line": 11,
              "column": 29
            }
          },
          {
            "start": {
              "line": 11,
              "column": 33
            },
            "end": {
              "line": 11,
              "column": 37
            }
          }
        ]
      },
      "1": {
        "loc": {
          "start": {
            "line": 56,
            "column": 2
          },
          "end": {
            "line": 61,
            "column": null
          }
        },
        "type": "if",
        "locations": [
          {
            "start": {
              "line": 56,
              "column": 2
            },
            "end": {
              "line": 61,
              "column": null
            }
          }
        ]
      },
      "2": {
        "loc": {
          "start": {
            "line": 57,
            "column": 4
          },
          "end": {
            "line": 58,
            "column": 46
          }
        },
        "type": "binary-expr",
        "locations": [
          {
            "start": {
              "line": 57,
              "column": 4
            },
            "end": {
              "line": 57,
              "column": 35
            }
          },
          {
            "start": {
              "line": 58,
              "column": 4
            },
            "end": {
              "line": 58,
              "column": 46
            }
          }
        ]
      }
    },
    "s": {
      "0": 0,
      "1": 0,
      "2": 0,
      "3": 0,
      "4": 0,
      "5": 0,
      "6": 0,
      "7": 0,
      "8": 0,
      "9": 0,
      "10": 0,
      "11": 0,
      "12": 0,
      "13": 0,
      "14": 0,
      "15": 0,
      "16": 0,
      "17": 0,
      "18": 0,
      "19": 0,
      "20": 0,
      "21": 0,
      "22": 0,
      "23": 0,
      "24": 0,
      "25": 0,
      "26": 0
    },
    "f": {
      "0": 0,
      "1": 0
    },
    "b": {
      "0": [
        0,
        0
      ],
      "1": [
        0
      ],
      "2": [
        0,
        0
      ]
    }
  },
  "D:\\F Drive\\interview\\Assignment-College-Student-Management-System\\src\\auth\\auth.controller.ts": {
    "path": "D:\\F Drive\\interview\\Assignment-College-Student-Management-System\\src\\auth\\auth.controller.ts",
    "statementMap": {
      "0": {
        "start": {
          "line": 1,
          "column": 0
        },
        "end": {
          "line": 1,
          "column": 69
        }
      },
      "1": {
        "start": {
          "line": 2,
          "column": 0
        },
        "end": {
          "line": 2,
          "column": 45
        }
      },
      "2": {
        "start": {
          "line": 3,
          "column": 0
        },
        "end": {
          "line": 3,
          "column": 41
        }
      },
      "3": {
        "start": {
          "line": 4,
          "column": 0
        },
        "end": {
          "line": 4,
          "column": 69
        }
      },
      "4": {
        "start": {
          "line": 10,
          "column": 27
        },
        "end": {
          "line": 41,
          "column": null
        }
      },
      "5": {
        "start": {
          "line": 17,
          "column": 31
        },
        "end": {
          "line": 17,
          "column": 44
        }
      },
      "6": {
        "start": {
          "line": 11,
          "column": 19
        },
        "end": {
          "line": 11,
          "column": 60
        }
      },
      "7": {
        "start": {
          "line": 32,
          "column": 20
        },
        "end": {
          "line": 32,
          "column": 58
        }
      },
      "8": {
        "start": {
          "line": 33,
          "column": 4
        },
        "end": {
          "line": 39,
          "column": 26
        }
      },
      "9": {
        "start": {
          "line": 31,
          "column": 15
        },
        "end": {
          "line": 40,
          "column": null
        }
      },
      "10": {
        "start": {
          "line": 10,
          "column": 13
        },
        "end": {
          "line": 41,
          "column": null
        }
      },
      "11": {
        "start": {
          "line": 10,
          "column": 13
        },
        "end": {
          "line": 10,
          "column": 27
        }
      }
    },
    "fnMap": {
      "0": {
        "name": "(anonymous_4)",
        "decl": {
          "start": {
            "line": 17,
            "column": 2
          },
          "end": {
            "line": 17,
            "column": 31
          }
        },
        "loc": {
          "start": {
            "line": 17,
            "column": 55
          },
          "end": {
            "line": 17,
            "column": 59
          }
        }
      },
      "1": {
        "name": "(anonymous_5)",
        "decl": {
          "start": {
            "line": 31,
            "column": 9
          },
          "end": {
            "line": 31,
            "column": 14
          }
        },
        "loc": {
          "start": {
            "line": 31,
            "column": 58
          },
          "end": {
            "line": 40,
            "column": 3
          }
        }
      }
    },
    "branchMap": {},
    "s": {
      "0": 1,
      "1": 1,
      "2": 1,
      "3": 1,
      "4": 1,
      "5": 1,
      "6": 1,
      "7": 0,
      "8": 0,
      "9": 1,
      "10": 1,
      "11": 1
    },
    "f": {
      "0": 1,
      "1": 0
    },
    "b": {}
  },
  "D:\\F Drive\\interview\\Assignment-College-Student-Management-System\\src\\auth\\auth.module.ts": {
    "path": "D:\\F Drive\\interview\\Assignment-College-Student-Management-System\\src\\auth\\auth.module.ts",
    "statementMap": {
      "0": {
        "start": {
          "line": 1,
          "column": 0
        },
        "end": {
          "line": 1,
          "column": 40
        }
      },
      "1": {
        "start": {
          "line": 2,
          "column": 0
        },
        "end": {
          "line": 2,
          "column": 46
        }
      },
      "2": {
        "start": {
          "line": 3,
          "column": 0
        },
        "end": {
          "line": 3,
          "column": 50
        }
      },
      "3": {
        "start": {
          "line": 4,
          "column": 0
        },
        "end": {
          "line": 4,
          "column": 40
        }
      },
      "4": {
        "start": {
          "line": 5,
          "column": 0
        },
        "end": {
          "line": 5,
          "column": 50
        }
      },
      "5": {
        "start": {
          "line": 6,
          "column": 0
        },
        "end": {
          "line": 6,
          "column": 51
        }
      },
      "6": {
        "start": {
          "line": 7,
          "column": 0
        },
        "end": {
          "line": 7,
          "column": 45
        }
      },
      "7": {
        "start": {
          "line": 8,
          "column": 0
        },
        "end": {
          "line": 8,
          "column": 58
        }
      },
      "8": {
        "start": {
          "line": 9,
          "column": 0
        },
        "end": {
          "line": 9,
          "column": 46
        }
      },
      "9": {
        "start": {
          "line": 10,
          "column": 0
        },
        "end": {
          "line": 10,
          "column": 40
        }
      },
      "10": {
        "start": {
          "line": 27,
          "column": 7
        },
        "end": {
          "line": 27,
          "column": null
        }
      },
      "11": {
        "start": {
          "line": 27,
          "column": 13
        },
        "end": {
          "line": 27,
          "column": null
        }
      },
      "12": {
        "start": {
          "line": 27,
          "column": 13
        },
        "end": {
          "line": 27,
          "column": 23
        }
      }
    },
    "fnMap": {},
    "branchMap": {},
    "s": {
      "0": 0,
      "1": 0,
      "2": 0,
      "3": 0,
      "4": 0,
      "5": 0,
      "6": 0,
      "7": 0,
      "8": 0,
      "9": 0,
      "10": 0,
      "11": 0,
      "12": 0
    },
    "f": {},
    "b": {}
  },
  "D:\\F Drive\\interview\\Assignment-College-Student-Management-System\\src\\auth\\auth.service.ts": {
    "path": "D:\\F Drive\\interview\\Assignment-College-Student-Management-System\\src\\auth\\auth.service.ts",
    "statementMap": {
      "0": {
        "start": {
          "line": 1,
          "column": 0
        },
        "end": {
          "line": 1,
          "column": null
        }
      },
      "1": {
        "start": {
          "line": 8,
          "column": 0
        },
        "end": {
          "line": 8,
          "column": 47
        }
      },
      "2": {
        "start": {
          "line": 9,
          "column": 0
        },
        "end": {
          "line": 9,
          "column": 33
        }
      },
      "3": {
        "start": {
          "line": 10,
          "column": 0
        },
        "end": {
          "line": 10,
          "column": 41
        }
      },
      "4": {
        "start": {
          "line": 11,
          "column": 0
        },
        "end": {
          "line": 11,
          "column": 33
        }
      },
      "5": {
        "start": {
          "line": 15,
          "column": 0
        },
        "end": {
          "line": 15,
          "column": 40
        }
      },
      "6": {
        "start": {
          "line": 16,
          "column": 0
        },
        "end": {
          "line": 16,
          "column": 23
        }
      },
      "7": {
        "start": {
          "line": 19,
          "column": 7
        },
        "end": {
          "line": 132,
          "column": null
        }
      },
      "8": {
        "start": {
          "line": 26,
          "column": 47
        },
        "end": {
          "line": 26,
          "column": 58
        }
      },
      "9": {
        "start": {
          "line": 27,
          "column": 21
        },
        "end": {
          "line": 27,
          "column": 33
        }
      },
      "10": {
        "start": {
          "line": 36,
          "column": 4
        },
        "end": {
          "line": 42,
          "column": null
        }
      },
      "11": {
        "start": {
          "line": 37,
          "column": 20
        },
        "end": {
          "line": 37,
          "column": 48
        }
      },
      "12": {
        "start": {
          "line": 39,
          "column": 6
        },
        "end": {
          "line": 39,
          "column": 67
        }
      },
      "13": {
        "start": {
          "line": 41,
          "column": 6
        },
        "end": {
          "line": 41,
          "column": 13
        }
      },
      "14": {
        "start": {
          "line": 53,
          "column": 4
        },
        "end": {
          "line": 98,
          "column": 7
        }
      },
      "15": {
        "start": {
          "line": 54,
          "column": 6
        },
        "end": {
          "line": 56,
          "column": null
        }
      },
      "16": {
        "start": {
          "line": 55,
          "column": 8
        },
        "end": {
          "line": 55,
          "column": 77
        }
      },
      "17": {
        "start": {
          "line": 58,
          "column": 30
        },
        "end": {
          "line": 60,
          "column": null
        }
      },
      "18": {
        "start": {
          "line": 63,
          "column": 6
        },
        "end": {
          "line": 65,
          "column": null
        }
      },
      "19": {
        "start": {
          "line": 64,
          "column": 8
        },
        "end": {
          "line": 64,
          "column": 79
        }
      },
      "20": {
        "start": {
          "line": 67,
          "column": 6
        },
        "end": {
          "line": 69,
          "column": null
        }
      },
      "21": {
        "start": {
          "line": 68,
          "column": 8
        },
        "end": {
          "line": 68,
          "column": 56
        }
      },
      "22": {
        "start": {
          "line": 71,
          "column": 6
        },
        "end": {
          "line": 73,
          "column": null
        }
      },
      "23": {
        "start": {
          "line": 72,
          "column": 8
        },
        "end": {
          "line": 72,
          "column": 64
        }
      },
      "24": {
        "start": {
          "line": 75,
          "column": 6
        },
        "end": {
          "line": 81,
          "column": null
        }
      },
      "25": {
        "start": {
          "line": 80,
          "column": 8
        },
        "end": {
          "line": 80,
          "column": 80
        }
      },
      "26": {
        "start": {
          "line": 83,
          "column": 22
        },
        "end": {
          "line": 88,
          "column": 8
        }
      },
      "27": {
        "start": {
          "line": 90,
          "column": 26
        },
        "end": {
          "line": 90,
          "column": 55
        }
      },
      "28": {
        "start": {
          "line": 92,
          "column": 6
        },
        "end": {
          "line": 97,
          "column": 8
        }
      },
      "29": {
        "start": {
          "line": 108,
          "column": 17
        },
        "end": {
          "line": 108,
          "column": 78
        }
      },
      "30": {
        "start": {
          "line": 110,
          "column": 4
        },
        "end": {
          "line": 112,
          "column": null
        }
      },
      "31": {
        "start": {
          "line": 111,
          "column": 6
        },
        "end": {
          "line": 111,
          "column": 40
        }
      },
      "32": {
        "start": {
          "line": 113,
          "column": 4
        },
        "end": {
          "line": 113,
          "column": 39
        }
      },
      "33": {
        "start": {
          "line": 117,
          "column": 29
        },
        "end": {
          "line": 119,
          "column": 6
        }
      },
      "34": {
        "start": {
          "line": 121,
          "column": 16
        },
        "end": {
          "line": 121,
          "column": 42
        }
      },
      "35": {
        "start": {
          "line": 123,
          "column": 4
        },
        "end": {
          "line": 126,
          "column": 6
        }
      },
      "36": {
        "start": {
          "line": 130,
          "column": 4
        },
        "end": {
          "line": 130,
          "column": 41
        }
      },
      "37": {
        "start": {
          "line": 19,
          "column": 13
        },
        "end": {
          "line": 132,
          "column": null
        }
      },
      "38": {
        "start": {
          "line": 19,
          "column": 13
        },
        "end": {
          "line": 19,
          "column": 24
        }
      }
    },
    "fnMap": {
      "0": {
        "name": "(anonymous_4)",
        "decl": {
          "start": {
            "line": 25,
            "column": 2
          },
          "end": {
            "line": 25,
            "column": null
          }
        },
        "loc": {
          "start": {
            "line": 27,
            "column": 43
          },
          "end": {
            "line": 28,
            "column": 6
          }
        }
      },
      "1": {
        "name": "(anonymous_5)",
        "decl": {
          "start": {
            "line": 35,
            "column": 10
          },
          "end": {
            "line": 35,
            "column": 15
          }
        },
        "loc": {
          "start": {
            "line": 35,
            "column": 42
          },
          "end": {
            "line": 43,
            "column": 3
          }
        }
      },
      "2": {
        "name": "(anonymous_6)",
        "decl": {
          "start": {
            "line": 50,
            "column": 9
          },
          "end": {
            "line": 50,
            "column": 14
          }
        },
        "loc": {
          "start": {
            "line": 51,
            "column": 21
          },
          "end": {
            "line": 99,
            "column": 3
          }
        }
      },
      "3": {
        "name": "(anonymous_7)",
        "decl": {
          "start": {
            "line": 53,
            "column": 40
          },
          "end": {
            "line": 53,
            "column": 41
          }
        },
        "loc": {
          "start": {
            "line": 53,
            "column": 53
          },
          "end": {
            "line": 98,
            "column": 5
          }
        }
      },
      "4": {
        "name": "(anonymous_8)",
        "decl": {
          "start": {
            "line": 107,
            "column": 9
          },
          "end": {
            "line": 107,
            "column": 14
          }
        },
        "loc": {
          "start": {
            "line": 107,
            "column": 52
          },
          "end": {
            "line": 114,
            "column": 3
          }
        }
      },
      "5": {
        "name": "(anonymous_9)",
        "decl": {
          "start": {
            "line": 116,
            "column": 12
          },
          "end": {
            "line": 116,
            "column": 28
          }
        },
        "loc": {
          "start": {
            "line": 116,
            "column": 33
          },
          "end": {
            "line": 127,
            "column": 3
          }
        }
      },
      "6": {
        "name": "(anonymous_10)",
        "decl": {
          "start": {
            "line": 129,
            "column": 9
          },
          "end": {
            "line": 129,
            "column": 30
          }
        },
        "loc": {
          "start": {
            "line": 129,
            "column": 36
          },
          "end": {
            "line": 131,
            "column": 3
          }
        }
      }
    },
    "branchMap": {
      "0": {
        "loc": {
          "start": {
            "line": 54,
            "column": 6
          },
          "end": {
            "line": 56,
            "column": null
          }
        },
        "type": "if",
        "locations": [
          {
            "start": {
              "line": 54,
              "column": 6
            },
            "end": {
              "line": 56,
              "column": null
            }
          }
        ]
      },
      "1": {
        "loc": {
          "start": {
            "line": 63,
            "column": 6
          },
          "end": {
            "line": 65,
            "column": null
          }
        },
        "type": "if",
        "locations": [
          {
            "start": {
              "line": 63,
              "column": 6
            },
            "end": {
              "line": 65,
              "column": null
            }
          }
        ]
      },
      "2": {
        "loc": {
          "start": {
            "line": 67,
            "column": 6
          },
          "end": {
            "line": 69,
            "column": null
          }
        },
        "type": "if",
        "locations": [
          {
            "start": {
              "line": 67,
              "column": 6
            },
            "end": {
              "line": 69,
              "column": null
            }
          }
        ]
      },
      "3": {
        "loc": {
          "start": {
            "line": 71,
            "column": 6
          },
          "end": {
            "line": 73,
            "column": null
          }
        },
        "type": "if",
        "locations": [
          {
            "start": {
              "line": 71,
              "column": 6
            },
            "end": {
              "line": 73,
              "column": null
            }
          }
        ]
      },
      "4": {
        "loc": {
          "start": {
            "line": 75,
            "column": 6
          },
          "end": {
            "line": 81,
            "column": null
          }
        },
        "type": "if",
        "locations": [
          {
            "start": {
              "line": 75,
              "column": 6
            },
            "end": {
              "line": 81,
              "column": null
            }
          }
        ]
      },
      "5": {
        "loc": {
          "start": {
            "line": 76,
            "column": 8
          },
          "end": {
            "line": 78,
            "column": 45
          }
        },
        "type": "binary-expr",
        "locations": [
          {
            "start": {
              "line": 76,
              "column": 8
            },
            "end": {
              "line": 76,
              "column": 16
            }
          },
          {
            "start": {
              "line": 77,
              "column": 8
            },
            "end": {
              "line": 77,
              "column": 42
            }
          },
          {
            "start": {
              "line": 78,
              "column": 8
            },
            "end": {
              "line": 78,
              "column": 45
            }
          }
        ]
      },
      "6": {
        "loc": {
          "start": {
            "line": 110,
            "column": 4
          },
          "end": {
            "line": 112,
            "column": null
          }
        },
        "type": "if",
        "locations": [
          {
            "start": {
              "line": 110,
              "column": 4
            },
            "end": {
              "line": 112,
              "column": null
            }
          }
        ]
      }
    },
    "s": {
      "0": 2,
      "1": 2,
      "2": 2,
      "3": 2,
      "4": 2,
      "5": 2,
      "6": 2,
      "7": 2,
      "8": 1,
      "9": 1,
      "10": 0,
      "11": 0,
      "12": 0,
      "13": 0,
      "14": 0,
      "15": 0,
      "16": 0,
      "17": 0,
      "18": 0,
      "19": 0,
      "20": 0,
      "21": 0,
      "22": 0,
      "23": 0,
      "24": 0,
      "25": 0,
      "26": 0,
      "27": 0,
      "28": 0,
      "29": 0,
      "30": 0,
      "31": 0,
      "32": 0,
      "33": 0,
      "34": 0,
      "35": 0,
      "36": 0,
      "37": 2,
      "38": 2
    },
    "f": {
      "0": 1,
      "1": 0,
      "2": 0,
      "3": 0,
      "4": 0,
      "5": 0,
      "6": 0
    },
    "b": {
      "0": [
        0
      ],
      "1": [
        0
      ],
      "2": [
        0
      ],
      "3": [
        0
      ],
      "4": [
        0
      ],
      "5": [
        0,
        0,
        0
      ],
      "6": [
        0
      ]
    }
  },
  "D:\\F Drive\\interview\\Assignment-College-Student-Management-System\\src\\auth\\dto\\auth.dto.ts": {
    "path": "D:\\F Drive\\interview\\Assignment-College-Student-Management-System\\src\\auth\\dto\\auth.dto.ts",
    "statementMap": {
      "0": {
        "start": {
          "line": 1,
          "column": 0
        },
        "end": {
          "line": 1,
          "column": null
        }
      },
      "1": {
        "start": {
          "line": 10,
          "column": 2
        },
        "end": {
          "line": 11,
          "column": null
        }
      },
      "2": {
        "start": {
          "line": 13,
          "column": 2
        },
        "end": {
          "line": 16,
          "column": null
        }
      },
      "3": {
        "start": {
          "line": 18,
          "column": 2
        },
        "end": {
          "line": 19,
          "column": null
        }
      },
      "4": {
        "start": {
          "line": 21,
          "column": 2
        },
        "end": {
          "line": 22,
          "column": null
        }
      },
      "5": {
        "start": {
          "line": 9,
          "column": 0
        },
        "end": {
          "line": 9,
          "column": 13
        }
      }
    },
    "fnMap": {},
    "branchMap": {},
    "s": {
      "0": 1,
      "1": 1,
      "2": 1,
      "3": 1,
      "4": 1,
      "5": 1
    },
    "f": {},
    "b": {}
  },
  "D:\\F Drive\\interview\\Assignment-College-Student-Management-System\\src\\auth\\guards\\jwt-auth.guard.ts": {
    "path": "D:\\F Drive\\interview\\Assignment-College-Student-Management-System\\src\\auth\\guards\\jwt-auth.guard.ts",
    "statementMap": {
      "0": {
        "start": {
          "line": 1,
          "column": 0
        },
        "end": {
          "line": 1,
          "column": 44
        }
      },
      "1": {
        "start": {
          "line": 2,
          "column": 0
        },
        "end": {
          "line": 2,
          "column": 45
        }
      },
      "2": {
        "start": {
          "line": 5,
          "column": 7
        },
        "end": {
          "line": 5,
          "column": null
        }
      },
      "3": {
        "start": {
          "line": 5,
          "column": 13
        },
        "end": {
          "line": 5,
          "column": null
        }
      },
      "4": {
        "start": {
          "line": 5,
          "column": 13
        },
        "end": {
          "line": 5,
          "column": 25
        }
      }
    },
    "fnMap": {},
    "branchMap": {},
    "s": {
      "0": 1,
      "1": 1,
      "2": 1,
      "3": 1,
      "4": 1
    },
    "f": {},
    "b": {}
  },
  "D:\\F Drive\\interview\\Assignment-College-Student-Management-System\\src\\auth\\guards\\roles.guard.ts": {
    "path": "D:\\F Drive\\interview\\Assignment-College-Student-Management-System\\src\\auth\\guards\\roles.guard.ts",
    "statementMap": {
      "0": {
        "start": {
          "line": 1,
          "column": 0
        },
        "end": {
          "line": 1,
          "column": 75
        }
      },
      "1": {
        "start": {
          "line": 2,
          "column": 0
        },
        "end": {
          "line": 2,
          "column": 41
        }
      },
      "2": {
        "start": {
          "line": 5,
          "column": 0
        },
        "end": {
          "line": 5,
          "column": 45
        }
      },
      "3": {
        "start": {
          "line": 8,
          "column": 7
        },
        "end": {
          "line": 36,
          "column": null
        }
      },
      "4": {
        "start": {
          "line": 9,
          "column": 22
        },
        "end": {
          "line": 9,
          "column": 33
        }
      },
      "5": {
        "start": {
          "line": 13,
          "column": 20
        },
        "end": {
          "line": 13,
          "column": 55
        }
      },
      "6": {
        "start": {
          "line": 14,
          "column": 18
        },
        "end": {
          "line": 14,
          "column": 77
        }
      },
      "7": {
        "start": {
          "line": 15,
          "column": 24
        },
        "end": {
          "line": 15,
          "column": 37
        }
      },
      "8": {
        "start": {
          "line": 17,
          "column": 4
        },
        "end": {
          "line": 17,
          "column": 28
        }
      },
      "9": {
        "start": {
          "line": 17,
          "column": 15
        },
        "end": {
          "line": 17,
          "column": 28
        }
      },
      "10": {
        "start": {
          "line": 19,
          "column": 24
        },
        "end": {
          "line": 19,
          "column": 41
        }
      },
      "11": {
        "start": {
          "line": 21,
          "column": 4
        },
        "end": {
          "line": 21,
          "column": 37
        }
      },
      "12": {
        "start": {
          "line": 21,
          "column": 16
        },
        "end": {
          "line": 21,
          "column": 37
        }
      },
      "13": {
        "start": {
          "line": 23,
          "column": 4
        },
        "end": {
          "line": 33,
          "column": null
        }
      },
      "14": {
        "start": {
          "line": 23,
          "column": 21
        },
        "end": {
          "line": 23,
          "column": 22
        }
      },
      "15": {
        "start": {
          "line": 24,
          "column": 19
        },
        "end": {
          "line": 24,
          "column": 31
        }
      },
      "16": {
        "start": {
          "line": 25,
          "column": 6
        },
        "end": {
          "line": 31,
          "column": null
        }
      },
      "17": {
        "start": {
          "line": 27,
          "column": 10
        },
        "end": {
          "line": 27,
          "column": 56
        }
      },
      "18": {
        "start": {
          "line": 28,
          "column": 10
        },
        "end": {
          "line": 28,
          "column": 16
        }
      },
      "19": {
        "start": {
          "line": 30,
          "column": 10
        },
        "end": {
          "line": 30,
          "column": 16
        }
      },
      "20": {
        "start": {
          "line": 32,
          "column": 6
        },
        "end": {
          "line": 32,
          "column": 37
        }
      },
      "21": {
        "start": {
          "line": 32,
          "column": 25
        },
        "end": {
          "line": 32,
          "column": 37
        }
      },
      "22": {
        "start": {
          "line": 34,
          "column": 4
        },
        "end": {
          "line": 34,
          "column": 25
        }
      },
      "23": {
        "start": {
          "line": 8,
          "column": 13
        },
        "end": {
          "line": 36,
          "column": null
        }
      },
      "24": {
        "start": {
          "line": 8,
          "column": 13
        },
        "end": {
          "line": 8,
          "column": 23
        }
      }
    },
    "fnMap": {
      "0": {
        "name": "(anonymous_2)",
        "decl": {
          "start": {
            "line": 9,
            "column": 2
          },
          "end": {
            "line": 9,
            "column": 22
          }
        },
        "loc": {
          "start": {
            "line": 9,
            "column": 42
          },
          "end": {
            "line": 9,
            "column": 46
          }
        }
      },
      "1": {
        "name": "(anonymous_3)",
        "decl": {
          "start": {
            "line": 10,
            "column": 2
          },
          "end": {
            "line": 10,
            "column": 13
          }
        },
        "loc": {
          "start": {
            "line": 11,
            "column": 29
          },
          "end": {
            "line": 35,
            "column": 3
          }
        }
      }
    },
    "branchMap": {
      "0": {
        "loc": {
          "start": {
            "line": 15,
            "column": 24
          },
          "end": {
            "line": 15,
            "column": 37
          }
        },
        "type": "cond-expr",
        "locations": [
          {
            "start": {
              "line": 15,
              "column": 31
            },
            "end": {
              "line": 15,
              "column": 33
            }
          },
          {
            "start": {
              "line": 15,
              "column": 24
            },
            "end": {
              "line": 15,
              "column": 37
            }
          }
        ]
      },
      "1": {
        "loc": {
          "start": {
            "line": 15,
            "column": 24
          },
          "end": {
            "line": 15,
            "column": 33
          }
        },
        "type": "binary-expr",
        "locations": [
          {
            "start": {
              "line": 15,
              "column": 24
            },
            "end": {
              "line": 15,
              "column": 33
            }
          },
          {
            "start": {
              "line": 15,
              "column": 24
            },
            "end": {
              "line": 15,
              "column": 33
            }
          }
        ]
      },
      "2": {
        "loc": {
          "start": {
            "line": 17,
            "column": 4
          },
          "end": {
            "line": 17,
            "column": 28
          }
        },
        "type": "if",
        "locations": [
          {
            "start": {
              "line": 17,
              "column": 4
            },
            "end": {
              "line": 17,
              "column": 28
            }
          }
        ]
      },
      "3": {
        "loc": {
          "start": {
            "line": 21,
            "column": 4
          },
          "end": {
            "line": 21,
            "column": 37
          }
        },
        "type": "if",
        "locations": [
          {
            "start": {
              "line": 21,
              "column": 4
            },
            "end": {
              "line": 21,
              "column": 37
            }
          }
        ]
      },
      "4": {
        "loc": {
          "start": {
            "line": 25,
            "column": 6
          },
          "end": {
            "line": 31,
            "column": null
          }
        },
        "type": "switch",
        "locations": [
          {
            "start": {
              "line": 26,
              "column": 8
            },
            "end": {
              "line": 28,
              "column": 16
            }
          },
          {
            "start": {
              "line": 29,
              "column": 8
            },
            "end": {
              "line": 30,
              "column": 16
            }
          }
        ]
      },
      "5": {
        "loc": {
          "start": {
            "line": 27,
            "column": 26
          },
          "end": {
            "line": 27,
            "column": 55
          }
        },
        "type": "binary-expr",
        "locations": [
          {
            "start": {
              "line": 27,
              "column": 26
            },
            "end": {
              "line": 27,
              "column": 38
            }
          },
          {
            "start": {
              "line": 27,
              "column": 42
            },
            "end": {
              "line": 27,
              "column": 55
            }
          }
        ]
      },
      "6": {
        "loc": {
          "start": {
            "line": 32,
            "column": 6
          },
          "end": {
            "line": 32,
            "column": 37
          }
        },
        "type": "if",
        "locations": [
          {
            "start": {
              "line": 32,
              "column": 6
            },
            "end": {
              "line": 32,
              "column": 37
            }
          }
        ]
      }
    },
    "s": {
      "0": 0,
      "1": 0,
      "2": 0,
      "3": 0,
      "4": 0,
      "5": 0,
      "6": 0,
      "7": 0,
      "8": 0,
      "9": 0,
      "10": 0,
      "11": 0,
      "12": 0,
      "13": 0,
      "14": 0,
      "15": 0,
      "16": 0,
      "17": 0,
      "18": 0,
      "19": 0,
      "20": 0,
      "21": 0,
      "22": 0,
      "23": 0,
      "24": 0
    },
    "f": {
      "0": 0,
      "1": 0
    },
    "b": {
      "0": [
        0,
        0
      ],
      "1": [
        0,
        0
      ],
      "2": [
        0
      ],
      "3": [
        0
      ],
      "4": [
        0,
        0
      ],
      "5": [
        0,
        0
      ],
      "6": [
        0
      ]
    }
  },
  "D:\\F Drive\\interview\\Assignment-College-Student-Management-System\\src\\auth\\strategies\\jwt.strategies.ts": {
    "path": "D:\\F Drive\\interview\\Assignment-College-Student-Management-System\\src\\auth\\strategies\\jwt.strategies.ts",
    "statementMap": {
      "0": {
        "start": {
          "line": 1,
          "column": 0
        },
        "end": {
          "line": 1,
          "column": 52
        }
      },
      "1": {
        "start": {
          "line": 2,
          "column": 0
        },
        "end": {
          "line": 2,
          "column": 44
        }
      },
      "2": {
        "start": {
          "line": 3,
          "column": 0
        },
        "end": {
          "line": 3,
          "column": 46
        }
      },
      "3": {
        "start": {
          "line": 4,
          "column": 0
        },
        "end": {
          "line": 4,
          "column": 52
        }
      },
      "4": {
        "start": {
          "line": 7,
          "column": 7
        },
        "end": {
          "line": 23,
          "column": null
        }
      },
      "5": {
        "start": {
          "line": 9,
          "column": 4
        },
        "end": {
          "line": 12,
          "column": 7
        }
      },
      "6": {
        "start": {
          "line": 8,
          "column": 31
        },
        "end": {
          "line": 8,
          "column": 44
        }
      },
      "7": {
        "start": {
          "line": 16,
          "column": 4
        },
        "end": {
          "line": 21,
          "column": 6
        }
      },
      "8": {
        "start": {
          "line": 7,
          "column": 13
        },
        "end": {
          "line": 23,
          "column": null
        }
      },
      "9": {
        "start": {
          "line": 7,
          "column": 13
        },
        "end": {
          "line": 7,
          "column": 24
        }
      }
    },
    "fnMap": {
      "0": {
        "name": "(anonymous_2)",
        "decl": {
          "start": {
            "line": 8,
            "column": 2
          },
          "end": {
            "line": 8,
            "column": 31
          }
        },
        "loc": {
          "start": {
            "line": 8,
            "column": 55
          },
          "end": {
            "line": 13,
            "column": 3
          }
        }
      },
      "1": {
        "name": "(anonymous_3)",
        "decl": {
          "start": {
            "line": 15,
            "column": 2
          },
          "end": {
            "line": 15,
            "column": 7
          }
        },
        "loc": {
          "start": {
            "line": 15,
            "column": 29
          },
          "end": {
            "line": 22,
            "column": 3
          }
        }
      }
    },
    "branchMap": {},
    "s": {
      "0": 0,
      "1": 0,
      "2": 0,
      "3": 0,
      "4": 0,
      "5": 0,
      "6": 0,
      "7": 0,
      "8": 0,
      "9": 0
    },
    "f": {
      "0": 0,
      "1": 0
    },
    "b": {}
  },
  "D:\\F Drive\\interview\\Assignment-College-Student-Management-System\\src\\common\\decorators\\index.ts": {
    "path": "D:\\F Drive\\interview\\Assignment-College-Student-Management-System\\src\\common\\decorators\\index.ts",
    "statementMap": {
      "0": {
        "start": {
          "line": 1,
          "column": 0
        },
        "end": {
          "line": 1,
          "column": 33
        }
      },
      "1": {
        "start": {
          "line": 2,
          "column": 0
        },
        "end": {
          "line": 2,
          "column": 34
        }
      }
    },
    "fnMap": {},
    "branchMap": {},
    "s": {
      "0": 0,
      "1": 0
    },
    "f": {},
    "b": {}
  },
  "D:\\F Drive\\interview\\Assignment-College-Student-Management-System\\src\\common\\decorators\\roles.decorator.ts": {
    "path": "D:\\F Drive\\interview\\Assignment-College-Student-Management-System\\src\\common\\decorators\\roles.decorator.ts",
    "statementMap": {
      "0": {
        "start": {
          "line": 1,
          "column": 0
        },
        "end": {
          "line": 1,
          "column": 45
        }
      },
      "1": {
        "start": {
          "line": 3,
          "column": 21
        },
        "end": {
          "line": 3,
          "column": 72
        }
      },
      "2": {
        "start": {
          "line": 3,
          "column": 45
        },
        "end": {
          "line": 3,
          "column": 72
        }
      },
      "3": {
        "start": {
          "line": 3,
          "column": 13
        },
        "end": {
          "line": 3,
          "column": 21
        }
      }
    },
    "fnMap": {
      "0": {
        "name": "(anonymous_0)",
        "decl": {
          "start": {
            "line": 3,
            "column": 21
          },
          "end": {
            "line": 3,
            "column": 22
          }
        },
        "loc": {
          "start": {
            "line": 3,
            "column": 45
          },
          "end": {
            "line": 3,
            "column": 72
          }
        }
      }
    },
    "branchMap": {},
    "s": {
      "0": 0,
      "1": 0,
      "2": 0,
      "3": 0
    },
    "f": {
      "0": 0
    },
    "b": {}
  },
  "D:\\F Drive\\interview\\Assignment-College-Student-Management-System\\src\\common\\decorators\\user.decorator.ts": {
    "path": "D:\\F Drive\\interview\\Assignment-College-Student-Management-System\\src\\common\\decorators\\user.decorator.ts",
    "statementMap": {
      "0": {
        "start": {
          "line": 1,
          "column": 0
        },
        "end": {
          "line": 1,
          "column": 72
        }
      },
      "1": {
        "start": {
          "line": 3,
          "column": 13
        },
        "end": {
          "line": 8,
          "column": 2
        }
      },
      "2": {
        "start": {
          "line": 5,
          "column": 16
        },
        "end": {
          "line": 5,
          "column": 47
        }
      },
      "3": {
        "start": {
          "line": 6,
          "column": 4
        },
        "end": {
          "line": 6,
          "column": 26
        }
      }
    },
    "fnMap": {
      "0": {
        "name": "(anonymous_0)",
        "decl": {
          "start": {
            "line": 4,
            "column": 2
          },
          "end": {
            "line": 4,
            "column": 3
          }
        },
        "loc": {
          "start": {
            "line": 4,
            "column": 43
          },
          "end": {
            "line": 7,
            "column": 3
          }
        }
      }
    },
    "branchMap": {
      "0": {
        "loc": {
          "start": {
            "line": 6,
            "column": 11
          },
          "end": {
            "line": 6,
            "column": 25
          }
        },
        "type": "binary-expr",
        "locations": [
          {
            "start": {
              "line": 6,
              "column": 11
            },
            "end": {
              "line": 6,
              "column": 19
            }
          },
          {
            "start": {
              "line": 6,
              "column": 23
            },
            "end": {
              "line": 6,
              "column": 25
            }
          }
        ]
      }
    },
    "s": {
      "0": 1,
      "1": 1,
      "2": 0,
      "3": 0
    },
    "f": {
      "0": 0
    },
    "b": {
      "0": [
        0,
        0
      ]
    }
  },
  "D:\\F Drive\\interview\\Assignment-College-Student-Management-System\\src\\common\\dto\\base.dto.ts": {
    "path": "D:\\F Drive\\interview\\Assignment-College-Student-Management-System\\src\\common\\dto\\base.dto.ts",
    "statementMap": {
      "0": {
        "start": {
          "line": 1,
          "column": 0
        },
        "end": {
          "line": 1,
          "column": 46
        }
      },
      "1": {
        "start": {
          "line": 2,
          "column": 0
        },
        "end": {
          "line": 2,
          "column": 42
        }
      },
      "2": {
        "start": {
          "line": 29,
          "column": 8
        },
        "end": {
          "line": 38,
          "column": null
        }
      },
      "3": {
        "start": {
          "line": 30,
          "column": 12
        },
        "end": {
          "line": 30,
          "column": 79
        }
      },
      "4": {
        "start": {
          "line": 31,
          "column": 12
        },
        "end": {
          "line": 31,
          "column": 82
        }
      },
      "5": {
        "start": {
          "line": 33,
          "column": 16
        },
        "end": {
          "line": 35,
          "column": 26
        }
      },
      "6": {
        "start": {
          "line": 36,
          "column": 12
        },
        "end": {
          "line": 36,
          "column": 69
        }
      },
      "7": {
        "start": {
          "line": 37,
          "column": 12
        },
        "end": {
          "line": 37,
          "column": 69
        }
      },
      "8": {
        "start": {
          "line": 5,
          "column": 4
        },
        "end": {
          "line": 6,
          "column": null
        }
      },
      "9": {
        "start": {
          "line": 8,
          "column": 4
        },
        "end": {
          "line": 9,
          "column": null
        }
      },
      "10": {
        "start": {
          "line": 11,
          "column": 4
        },
        "end": {
          "line": 12,
          "column": null
        }
      },
      "11": {
        "start": {
          "line": 14,
          "column": 4
        },
        "end": {
          "line": 15,
          "column": null
        }
      },
      "12": {
        "start": {
          "line": 17,
          "column": 4
        },
        "end": {
          "line": 18,
          "column": null
        }
      },
      "13": {
        "start": {
          "line": 20,
          "column": 4
        },
        "end": {
          "line": 21,
          "column": null
        }
      },
      "14": {
        "start": {
          "line": 23,
          "column": 4
        },
        "end": {
          "line": 26,
          "column": null
        }
      },
      "15": {
        "start": {
          "line": 4,
          "column": 0
        },
        "end": {
          "line": 4,
          "column": 13
        }
      }
    },
    "fnMap": {
      "0": {
        "name": "(anonymous_2)",
        "decl": {
          "start": {
            "line": 28,
            "column": 4
          },
          "end": {
            "line": 28,
            "column": 16
          }
        },
        "loc": {
          "start": {
            "line": 28,
            "column": 26
          },
          "end": {
            "line": 39,
            "column": 5
          }
        }
      }
    },
    "branchMap": {
      "0": {
        "loc": {
          "start": {
            "line": 29,
            "column": 8
          },
          "end": {
            "line": 38,
            "column": null
          }
        },
        "type": "if",
        "locations": [
          {
            "start": {
              "line": 29,
              "column": 8
            },
            "end": {
              "line": 38,
              "column": null
            }
          }
        ]
      },
      "1": {
        "loc": {
          "start": {
            "line": 30,
            "column": 12
          },
          "end": {
            "line": 30,
            "column": 78
          }
        },
        "type": "binary-expr",
        "locations": [
          {
            "start": {
              "line": 30,
              "column": 12
            },
            "end": {
              "line": 30,
              "column": 43
            }
          },
          {
            "start": {
              "line": 30,
              "column": 48
            },
            "end": {
              "line": 30,
              "column": 77
            }
          }
        ]
      },
      "2": {
        "loc": {
          "start": {
            "line": 31,
            "column": 12
          },
          "end": {
            "line": 31,
            "column": 81
          }
        },
        "type": "binary-expr",
        "locations": [
          {
            "start": {
              "line": 31,
              "column": 12
            },
            "end": {
              "line": 31,
              "column": 44
            }
          },
          {
            "start": {
              "line": 31,
              "column": 49
            },
            "end": {
              "line": 31,
              "column": 80
            }
          }
        ]
      },
      "3": {
        "loc": {
          "start": {
            "line": 33,
            "column": 16
          },
          "end": {
            "line": 35,
            "column": 26
          }
        },
        "type": "binary-expr",
        "locations": [
          {
            "start": {
              "line": 33,
              "column": 17
            },
            "end": {
              "line": 33,
              "column": 31
            }
          },
          {
            "start": {
              "line": 34,
              "column": 20
            },
            "end": {
              "line": 34,
              "column": 56
            }
          },
          {
            "start": {
              "line": 35,
              "column": 16
            },
            "end": {
              "line": 35,
              "column": 26
            }
          }
        ]
      },
      "4": {
        "loc": {
          "start": {
            "line": 33,
            "column": 17
          },
          "end": {
            "line": 33,
            "column": 31
          }
        },
        "type": "cond-expr",
        "locations": [
          {
            "start": {
              "line": 33,
              "column": 21
            },
            "end": {
              "line": 33,
              "column": 23
            }
          },
          {
            "start": {
              "line": 33,
              "column": 17
            },
            "end": {
              "line": 33,
              "column": 31
            }
          }
        ]
      },
      "5": {
        "loc": {
          "start": {
            "line": 33,
            "column": 17
          },
          "end": {
            "line": 33,
            "column": 23
          }
        },
        "type": "binary-expr",
        "locations": [
          {
            "start": {
              "line": 33,
              "column": 17
            },
            "end": {
              "line": 33,
              "column": 23
            }
          },
          {
            "start": {
              "line": 33,
              "column": 17
            },
            "end": {
              "line": 33,
              "column": 23
            }
          }
        ]
      },
      "6": {
        "loc": {
          "start": {
            "line": 36,
            "column": 12
          },
          "end": {
            "line": 36,
            "column": 68
          }
        },
        "type": "binary-expr",
        "locations": [
          {
            "start": {
              "line": 36,
              "column": 12
            },
            "end": {
              "line": 36,
              "column": 20
            }
          },
          {
            "start": {
              "line": 36,
              "column": 25
            },
            "end": {
              "line": 36,
              "column": 44
            }
          },
          {
            "start": {
              "line": 36,
              "column": 50
            },
            "end": {
              "line": 36,
              "column": 67
            }
          }
        ]
      },
      "7": {
        "loc": {
          "start": {
            "line": 37,
            "column": 12
          },
          "end": {
            "line": 37,
            "column": 68
          }
        },
        "type": "binary-expr",
        "locations": [
          {
            "start": {
              "line": 37,
              "column": 12
            },
            "end": {
              "line": 37,
              "column": 20
            }
          },
          {
            "start": {
              "line": 37,
              "column": 25
            },
            "end": {
              "line": 37,
              "column": 44
            }
          },
          {
            "start": {
              "line": 37,
              "column": 50
            },
            "end": {
              "line": 37,
              "column": 67
            }
          }
        ]
      }
    },
    "s": {
      "0": 4,
      "1": 4,
      "2": 18,
      "3": 2,
      "4": 2,
      "5": 2,
      "6": 2,
      "7": 2,
      "8": 4,
      "9": 4,
      "10": 4,
      "11": 4,
      "12": 4,
      "13": 4,
      "14": 4,
      "15": 4
    },
    "f": {
      "0": 18
    },
    "b": {
      "0": [
        2
      ],
      "1": [
        2,
        0
      ],
      "2": [
        2,
        1
      ],
      "3": [
        2,
        0,
        2
      ],
      "4": [
        0,
        2
      ],
      "5": [
        2,
        2
      ],
      "6": [
        2,
        1,
        1
      ],
      "7": [
        2,
        1,
        1
      ]
    }
  },
  "D:\\F Drive\\interview\\Assignment-College-Student-Management-System\\src\\common\\dto\\index.ts": {
    "path": "D:\\F Drive\\interview\\Assignment-College-Student-Management-System\\src\\common\\dto\\index.ts",
    "statementMap": {
      "0": {
        "start": {
          "line": 1,
          "column": 0
        },
        "end": {
          "line": 1,
          "column": 27
        }
      },
      "1": {
        "start": {
          "line": 2,
          "column": 0
        },
        "end": {
          "line": 2,
          "column": 34
        }
      }
    },
    "fnMap": {},
    "branchMap": {},
    "s": {
      "0": 4,
      "1": 4
    },
    "f": {},
    "b": {}
  },
  "D:\\F Drive\\interview\\Assignment-College-Student-Management-System\\src\\common\\dto\\searchquery.dto.ts": {
    "path": "D:\\F Drive\\interview\\Assignment-College-Student-Management-System\\src\\common\\dto\\searchquery.dto.ts",
    "statementMap": {
      "0": {
        "start": {
          "line": 1,
          "column": 0
        },
        "end": {
          "line": 1,
          "column": 46
        }
      },
      "1": {
        "start": {
          "line": 2,
          "column": 0
        },
        "end": {
          "line": 2,
          "column": 52
        }
      },
      "2": {
        "start": {
          "line": 3,
          "column": 0
        },
        "end": {
          "line": 3,
          "column": 66
        }
      },
      "3": {
        "start": {
          "line": 6,
          "column": 2
        },
        "end": {
          "line": 6,
          "column": 68
        }
      },
      "4": {
        "start": {
          "line": 6,
          "column": 26
        },
        "end": {
          "line": 6,
          "column": 66
        }
      },
      "5": {
        "start": {
          "line": 9,
          "column": 2
        },
        "end": {
          "line": 15,
          "column": null
        }
      },
      "6": {
        "start": {
          "line": 14,
          "column": 14
        },
        "end": {
          "line": 14,
          "column": 20
        }
      },
      "7": {
        "start": {
          "line": 17,
          "column": 2
        },
        "end": {
          "line": 23,
          "column": null
        }
      },
      "8": {
        "start": {
          "line": 22,
          "column": 14
        },
        "end": {
          "line": 22,
          "column": 20
        }
      },
      "9": {
        "start": {
          "line": 25,
          "column": 2
        },
        "end": {
          "line": 31,
          "column": null
        }
      },
      "10": {
        "start": {
          "line": 33,
          "column": 2
        },
        "end": {
          "line": 39,
          "column": null
        }
      },
      "11": {
        "start": {
          "line": 41,
          "column": 2
        },
        "end": {
          "line": 44,
          "column": null
        }
      },
      "12": {
        "start": {
          "line": 46,
          "column": 2
        },
        "end": {
          "line": 49,
          "column": null
        }
      },
      "13": {
        "start": {
          "line": 51,
          "column": 2
        },
        "end": {
          "line": 53,
          "column": null
        }
      },
      "14": {
        "start": {
          "line": 55,
          "column": 2
        },
        "end": {
          "line": 59,
          "column": null
        }
      },
      "15": {
        "start": {
          "line": 61,
          "column": 2
        },
        "end": {
          "line": 65,
          "column": null
        }
      },
      "16": {
        "start": {
          "line": 67,
          "column": 2
        },
        "end": {
          "line": 73,
          "column": null
        }
      },
      "17": {
        "start": {
          "line": 8,
          "column": 0
        },
        "end": {
          "line": 8,
          "column": 13
        }
      }
    },
    "fnMap": {
      "0": {
        "name": "ToBoolean",
        "decl": {
          "start": {
            "line": 5,
            "column": 9
          },
          "end": {
            "line": 5,
            "column": 18
          }
        },
        "loc": {
          "start": {
            "line": 5,
            "column": 18
          },
          "end": {
            "line": 7,
            "column": 1
          }
        }
      },
      "1": {
        "name": "(anonymous_3)",
        "decl": {
          "start": {
            "line": 6,
            "column": 19
          },
          "end": {
            "line": 6,
            "column": 20
          }
        },
        "loc": {
          "start": {
            "line": 6,
            "column": 26
          },
          "end": {
            "line": 6,
            "column": 66
          }
        }
      },
      "2": {
        "name": "(anonymous_4)",
        "decl": {
          "start": {
            "line": 14,
            "column": 8
          },
          "end": {
            "line": 14,
            "column": 11
          }
        },
        "loc": {
          "start": {
            "line": 14,
            "column": 14
          },
          "end": {
            "line": 14,
            "column": 20
          }
        }
      },
      "3": {
        "name": "(anonymous_5)",
        "decl": {
          "start": {
            "line": 22,
            "column": 8
          },
          "end": {
            "line": 22,
            "column": 11
          }
        },
        "loc": {
          "start": {
            "line": 22,
            "column": 14
          },
          "end": {
            "line": 22,
            "column": 20
          }
        }
      }
    },
    "branchMap": {},
    "s": {
      "0": 4,
      "1": 4,
      "2": 4,
      "3": 20,
      "4": 0,
      "5": 4,
      "6": 0,
      "7": 4,
      "8": 0,
      "9": 4,
      "10": 4,
      "11": 4,
      "12": 4,
      "13": 4,
      "14": 4,
      "15": 4,
      "16": 4,
      "17": 4
    },
    "f": {
      "0": 20,
      "1": 0,
      "2": 0,
      "3": 0
    },
    "b": {}
  },
  "D:\\F Drive\\interview\\Assignment-College-Student-Management-System\\src\\common\\filters\\http-error.filter.ts": {
    "path": "D:\\F Drive\\interview\\Assignment-College-Student-Management-System\\src\\common\\filters\\http-error.filter.ts",
    "statementMap": {
      "0": {
        "start": {
          "line": 1,
          "column": 0
        },
        "end": {
          "line": 1,
          "column": null
        }
      },
      "1": {
        "start": {
          "line": 11,
          "column": 7
        },
        "end": {
          "line": 86,
          "column": null
        }
      },
      "2": {
        "start": {
          "line": 13,
          "column": 4
        },
        "end": {
          "line": 13,
          "column": 42
        }
      },
      "3": {
        "start": {
          "line": 14,
          "column": 16
        },
        "end": {
          "line": 14,
          "column": 35
        }
      },
      "4": {
        "start": {
          "line": 15,
          "column": 21
        },
        "end": {
          "line": 15,
          "column": 38
        }
      },
      "5": {
        "start": {
          "line": 16,
          "column": 20
        },
        "end": {
          "line": 16,
          "column": 36
        }
      },
      "6": {
        "start": {
          "line": 17,
          "column": 17
        },
        "end": {
          "line": 19,
          "column": 40
        }
      },
      "7": {
        "start": {
          "line": 22,
          "column": 6
        },
        "end": {
          "line": 24,
          "column": 33
        }
      },
      "8": {
        "start": {
          "line": 26,
          "column": 4
        },
        "end": {
          "line": 34,
          "column": null
        }
      },
      "9": {
        "start": {
          "line": 27,
          "column": 6
        },
        "end": {
          "line": 29,
          "column": 43
        }
      },
      "10": {
        "start": {
          "line": 30,
          "column": 6
        },
        "end": {
          "line": 33,
          "column": 36
        }
      },
      "11": {
        "start": {
          "line": 36,
          "column": 4
        },
        "end": {
          "line": 44,
          "column": null
        }
      },
      "12": {
        "start": {
          "line": 42,
          "column": 6
        },
        "end": {
          "line": 42,
          "column": 41
        }
      },
      "13": {
        "start": {
          "line": 43,
          "column": 6
        },
        "end": {
          "line": 43,
          "column": 39
        }
      },
      "14": {
        "start": {
          "line": 46,
          "column": 4
        },
        "end": {
          "line": 55,
          "column": null
        }
      },
      "15": {
        "start": {
          "line": 53,
          "column": 6
        },
        "end": {
          "line": 53,
          "column": 38
        }
      },
      "16": {
        "start": {
          "line": 54,
          "column": 6
        },
        "end": {
          "line": 54,
          "column": 35
        }
      },
      "17": {
        "start": {
          "line": 57,
          "column": 26
        },
        "end": {
          "line": 63,
          "column": 6
        }
      },
      "18": {
        "start": {
          "line": 65,
          "column": 4
        },
        "end": {
          "line": 77,
          "column": null
        }
      },
      "19": {
        "start": {
          "line": 66,
          "column": 6
        },
        "end": {
          "line": 70,
          "column": 8
        }
      },
      "20": {
        "start": {
          "line": 72,
          "column": 6
        },
        "end": {
          "line": 76,
          "column": 8
        }
      },
      "21": {
        "start": {
          "line": 79,
          "column": 18
        },
        "end": {
          "line": 83,
          "column": 6
        }
      },
      "22": {
        "start": {
          "line": 84,
          "column": 4
        },
        "end": {
          "line": 84,
          "column": 40
        }
      },
      "23": {
        "start": {
          "line": 11,
          "column": 13
        },
        "end": {
          "line": 86,
          "column": null
        }
      },
      "24": {
        "start": {
          "line": 11,
          "column": 13
        },
        "end": {
          "line": 11,
          "column": 28
        }
      }
    },
    "fnMap": {
      "0": {
        "name": "(anonymous_1)",
        "decl": {
          "start": {
            "line": 12,
            "column": 2
          },
          "end": {
            "line": 12,
            "column": 7
          }
        },
        "loc": {
          "start": {
            "line": 12,
            "column": 53
          },
          "end": {
            "line": 85,
            "column": 3
          }
        }
      }
    },
    "branchMap": {
      "0": {
        "loc": {
          "start": {
            "line": 17,
            "column": 17
          },
          "end": {
            "line": 19,
            "column": 40
          }
        },
        "type": "cond-expr",
        "locations": [
          {
            "start": {
              "line": 18,
              "column": 8
            },
            "end": {
              "line": 18,
              "column": 29
            }
          },
          {
            "start": {
              "line": 19,
              "column": 8
            },
            "end": {
              "line": 19,
              "column": 40
            }
          }
        ]
      },
      "1": {
        "loc": {
          "start": {
            "line": 22,
            "column": 6
          },
          "end": {
            "line": 24,
            "column": 33
          }
        },
        "type": "cond-expr",
        "locations": [
          {
            "start": {
              "line": 23,
              "column": 10
            },
            "end": {
              "line": 23,
              "column": 57
            }
          },
          {
            "start": {
              "line": 24,
              "column": 10
            },
            "end": {
              "line": 24,
              "column": 33
            }
          }
        ]
      },
[...]
          "end": {
            "line": 64,
            "column": 39
          }
        },
        "type": "binary-expr",
        "locations": [
          {
            "start": {
              "line": 64,
              "column": 6
            },
            "end": {
              "line": 64,
              "column": 14
            }
          },
          {
            "start": {
              "line": 64,
              "column": 19
            },
            "end": {
              "line": 64,
              "column": 38
            }
          }
        ]
      },
      "4": {
        "loc": {
          "start": {
            "line": 65,
            "column": 6
          },
          "end": {
            "line": 65,
            "column": 66
          }
        },
        "type": "binary-expr",
        "locations": [
          {
            "start": {
              "line": 65,
              "column": 6
            },
            "end": {
              "line": 65,
              "column": 23
            }
          },
          {
            "start": {
              "line": 65,
              "column": 28
            },
            "end": {
              "line": 65,
              "column": 65
            }
          }
        ]
      },
      "5": {
        "loc": {
          "start": {
            "line": 66,
            "column": 6
          },
          "end": {
            "line": 66,
            "column": 75
          }
        },
        "type": "binary-expr",
        "locations": [
          {
            "start": {
              "line": 66,
              "column": 6
            },
            "end": {
              "line": 66,
              "column": 26
            }
          },
          {
            "start": {
              "line": 66,
              "column": 31
            },
            "end": {
              "line": 66,
              "column": 74
            }
          }
        ]
      },
      "6": {
        "loc": {
          "start": {
            "line": 67,
            "column": 6
          },
          "end": {
            "line": 67,
            "column": 102
          }
        },
        "type": "binary-expr",
        "locations": [
          {
            "start": {
              "line": 67,
              "column": 6
            },
            "end": {
              "line": 67,
              "column": 35
            }
          },
          {
            "start": {
              "line": 67,
              "column": 40
            },
            "end": {
              "line": 67,
              "column": 101
            }
          }
        ]
      },
      "7": {
        "loc": {
          "start": {
            "line": 68,
            "column": 6
          },
          "end": {
            "line": 68,
            "column": 84
          }
        },
        "type": "binary-expr",
        "locations": [
          {
            "start": {
              "line": 68,
              "column": 6
            },
            "end": {
              "line": 68,
              "column": 29
            }
          },
          {
            "start": {
              "line": 68,
              "column": 34
            },
            "end": {
              "line": 68,
              "column": 83
            }
          }
        ]
      },
      "8": {
        "loc": {
          "start": {
            "line": 69,
            "column": 6
          },
          "end": {
            "line": 69,
            "column": 111
          }
        },
        "type": "binary-expr",
        "locations": [
          {
            "start": {
              "line": 69,
              "column": 6
            },
            "end": {
              "line": 69,
              "column": 38
            }
          },
          {
            "start": {
              "line": 69,
              "column": 43
            },
            "end": {
              "line": 69,
              "column": 110
            }
          }
        ]
      },
      "9": {
        "loc": {
          "start": {
            "line": 70,
            "column": 6
          },
          "end": {
            "line": 70,
            "column": 70
          }
        },
        "type": "binary-expr",
        "locations": [
          {
            "start": {
              "line": 70,
              "column": 6
            },
            "end": {
              "line": 70,
              "column": 36
            }
          },
          {
            "start": {
              "line": 70,
              "column": 42
            },
            "end": {
              "line": 70,
              "column": 69
            }
          }
        ]
      },
      "10": {
        "loc": {
          "start": {
            "line": 71,
            "column": 6
          },
          "end": {
            "line": 71,
            "column": 73
          }
        },
        "type": "binary-expr",
        "locations": [
          {
            "start": {
              "line": 71,
              "column": 6
            },
            "end": {
              "line": 71,
              "column": 37
            }
          },
          {
            "start": {
              "line": 71,
              "column": 43
            },
            "end": {
              "line": 71,
              "column": 72
            }
          }
        ]
      },
      "11": {
        "loc": {
          "start": {
            "line": 72,
            "column": 6
          },
          "end": {
            "line": 72,
            "column": 66
          }
        },
        "type": "binary-expr",
        "locations": [
          {
            "start": {
              "line": 72,
              "column": 6
            },
            "end": {
              "line": 72,
              "column": 23
            }
          },
          {
            "start": {
              "line": 72,
              "column": 28
            },
            "end": {
              "line": 72,
              "column": 65
            }
          }
        ]
      },
      "12": {
        "loc": {
          "start": {
            "line": 73,
            "column": 6
          },
          "end": {
            "line": 73,
            "column": 60
          }
        },
        "type": "binary-expr",
        "locations": [
          {
            "start": {
              "line": 73,
              "column": 6
            },
            "end": {
              "line": 73,
              "column": 21
            }
          },
          {
            "start": {
              "line": 73,
              "column": 26
            },
            "end": {
              "line": 73,
              "column": 59
            }
          }
        ]
      }
    },
    "s": {
      "0": 4,
      "1": 4,
      "2": 4,
      "3": 4,
      "4": 4,
      "5": 4,
      "6": 0,
      "7": 0,
      "8": 0,
      "9": 0,
      "10": 0,
      "11": 0,
      "12": 0,
      "13": 0,
      "14": 0,
      "15": 0,
      "16": 0,
      "17": 0,
      "18": 4,
      "19": 4,
      "20": 4,
      "21": 4,
      "22": 4,
      "23": 4,
      "24": 4,
      "25": 4,
      "26": 4,
      "27": 4,
      "28": 4,
      "29": 4
    },
    "f": {
      "0": 4
    },
    "b": {
      "0": [
        0
      ],
      "1": [
        0,
        0
      ],
      "2": [
        0,
        0
      ],
      "3": [
        0,
        0
      ],
      "4": [
        0,
        0
      ],
      "5": [
        0,
        0
      ],
      "6": [
        0,
        0
      ],
      "7": [
        0,
        0
      ],
      "8": [
        0,
        0
      ],
      "9": [
        0,
        0
      ],
      "10": [
        0,
        0
      ],
      "11": [
        0,
        0
      ],
      "12": [
        0,
        0
      ]
    }
  },
  "D:\\F Drive\\interview\\Assignment-College-Student-Management-System\\src\\users\\interfaces\\index.ts": {
    "path": "D:\\F Drive\\interview\\Assignment-College-Student-Management-System\\src\\users\\interfaces\\index.ts",
    "statementMap": {
      "0": {
        "start": {
          "line": 1,
          "column": 0
        },
        "end": {
          "line": 1,
          "column": 37
        }
      },
      "1": {
        "start": {
          "line": 2,
          "column": 0
        },
        "end": {
          "line": 2,
          "column": 33
        }
      }
    },
    "fnMap": {},
    "branchMap": {},
    "s": {
      "0": 0,
      "1": 0
    },
    "f": {},
    "b": {}
  },
  "D:\\F Drive\\interview\\Assignment-College-Student-Management-System\\src\\users\\schemas\\index.ts": {
    "path": "D:\\F Drive\\interview\\Assignment-College-Student-Management-System\\src\\users\\schemas\\index.ts",
    "statementMap": {
      "0": {
        "start": {
          "line": 1,
          "column": 0
        },
        "end": {
          "line": 1,
          "column": 31
        }
      }
    },
    "fnMap": {},
    "branchMap": {},
    "s": {
      "0": 0
    },
    "f": {},
    "b": {}
  },
  "D:\\F Drive\\interview\\Assignment-College-Student-Management-System\\src\\users\\schemas\\users.schema.ts": {
    "path": "D:\\F Drive\\interview\\Assignment-College-Student-Management-System\\src\\users\\schemas\\users.schema.ts",
    "statementMap": {
      "0": {
        "start": {
          "line": 1,
          "column": 0
        },
        "end": {
          "line": 1,
          "column": 63
        }
      },
      "1": {
        "start": {
          "line": 3,
          "column": 0
        },
        "end": {
          "line": 3,
          "column": 44
        }
      },
      "2": {
        "start": {
          "line": 11,
          "column": 7
        },
        "end": {
          "line": 44,
          "column": null
        }
      },
      "3": {
        "start": {
          "line": 12,
          "column": 2
        },
        "end": {
          "line": 13,
          "column": null
        }
      },
      "4": {
        "start": {
          "line": 15,
          "column": 2
        },
        "end": {
          "line": 16,
          "column": null
        }
      },
      "5": {
        "start": {
          "line": 18,
          "column": 2
        },
        "end": {
          "line": 19,
          "column": null
        }
      },
      "6": {
        "start": {
          "line": 21,
          "column": 2
        },
        "end": {
          "line": 22,
          "column": null
        }
      },
      "7": {
        "start": {
          "line": 24,
          "column": 2
        },
        "end": {
          "line": 25,
          "column": null
        }
      },
      "8": {
        "start": {
          "line": 27,
          "column": 2
        },
        "end": {
          "line": 28,
          "column": null
        }
      },
      "9": {
        "start": {
          "line": 30,
          "column": 2
        },
        "end": {
          "line": 31,
          "column": null
        }
      },
      "10": {
        "start": {
          "line": 33,
          "column": 2
        },
        "end": {
          "line": 34,
          "column": null
        }
      },
      "11": {
        "start": {
          "line": 36,
          "column": 2
        },
        "end": {
          "line": 37,
          "column": null
        }
      },
      "12": {
        "start": {
          "line": 39,
          "column": 2
        },
        "end": {
          "line": 40,
          "column": null
        }
      },
      "13": {
        "start": {
          "line": 42,
          "column": 2
        },
        "end": {
          "line": 43,
          "column": null
        }
      },
      "14": {
        "start": {
          "line": 11,
          "column": 13
        },
        "end": {
          "line": 44,
          "column": null
        }
      },
      "15": {
        "start": {
          "line": 11,
          "column": 13
        },
        "end": {
          "line": 11,
          "column": 17
        }
      },
      "16": {
        "start": {
          "line": 46,
          "column": 13
        },
        "end": {
          "line": 46,
          "column": 61
        }
      },
      "17": {
        "start": {
          "line": 48,
          "column": 0
        },
        "end": {
          "line": 62,
          "column": 3
        }
      },
      "18": {
        "start": {
          "line": 51,
          "column": 4
        },
        "end": {
          "line": 60,
          "column": 6
        }
      }
    },
    "fnMap": {
      "0": {
        "name": "(anonymous_2)",
        "decl": {
          "start": {
            "line": 50,
            "column": 13
          },
          "end": {
            "line": 50,
            "column": 23
          }
        },
        "loc": {
          "start": {
            "line": 50,
            "column": 31
          },
          "end": {
            "line": 61,
            "column": 3
          }
        }
      }
    },
    "branchMap": {},
    "s": {
      "0": 0,
      "1": 0,
      "2": 0,
      "3": 0,
      "4": 0,
      "5": 0,
      "6": 0,
      "7": 0,
      "8": 0,
      "9": 0,
      "10": 0,
      "11": 0,
      "12": 0,
      "13": 0,
      "14": 0,
      "15": 0,
      "16": 0,
      "17": 0,
      "18": 0
    },
    "f": {
      "0": 0
    },
    "b": {}
  },
  "D:\\F Drive\\interview\\Assignment-College-Student-Management-System\\src\\users\\services\\index.ts": {
    "path": "D:\\F Drive\\interview\\Assignment-College-Student-Management-System\\src\\users\\services\\index.ts",
    "statementMap": {
      "0": {
        "start": {
          "line": 1,
          "column": 0
        },
        "end": {
          "line": 1,
          "column": 32
        }
      }
    },
    "fnMap": {},
    "branchMap": {},
    "s": {
      "0": 2
    },
    "f": {},
    "b": {}
  },
  "D:\\F Drive\\interview\\Assignment-College-Student-Management-System\\src\\users\\services\\users.service.ts": {
    "path": "D:\\F Drive\\interview\\Assignment-College-Student-Management-System\\src\\users\\services\\users.service.ts",
    "statementMap": {
      "0": {
        "start": {
          "line": 1,
          "column": 0
        },
        "end": {
          "line": 1,
          "column": null
        }
      },
      "1": {
        "start": {
          "line": 7,
          "column": 0
        },
        "end": {
          "line": 7,
          "column": 47
        }
      },
      "2": {
        "start": {
          "line": 8,
          "column": 0
        },
        "end": {
          "line": 8,
          "column": 33
        }
      },
      "3": {
        "start": {
          "line": 9,
          "column": 0
        },
        "end": {
          "line": 9,
          "column": null
        }
      },
      "4": {
        "start": {
          "line": 14,
          "column": 0
        },
        "end": {
          "line": 14,
          "column": 43
        }
      },
      "5": {
        "start": {
          "line": 20,
          "column": 7
        },
        "end": {
          "line": 70,
          "column": null
        }
      },
      "6": {
        "start": {
          "line": 28,
          "column": 25
        },
        "end": {
          "line": 28,
          "column": 32
        }
      },
      "7": {
        "start": {
          "line": 21,
          "column": 21
        },
        "end": {
          "line": 21,
          "column": 71
        }
      },
      "8": {
        "start": {
          "line": 37,
          "column": 8
        },
        "end": {
          "line": 68,
          "column": null
        }
      },
      "9": {
        "start": {
          "line": 38,
          "column": 26
        },
        "end": {
          "line": 38,
          "column": 50
        }
      },
      "10": {
        "start": {
          "line": 39,
          "column": 28
        },
        "end": {
          "line": 41,
          "column": 14
        }
      },
      "11": {
        "start": {
          "line": 42,
          "column": 12
        },
        "end": {
          "line": 48,
          "column": null
        }
      },
      "12": {
        "start": {
          "line": 43,
          "column": 16
        },
        "end": {
          "line": 47,
          "column": 18
        }
      },
      "13": {
        "start": {
          "line": 49,
          "column": 27
        },
        "end": {
          "line": 54,
          "column": 14
        }
      },
      "14": {
        "start": {
          "line": 56,
          "column": 34
        },
        "end": {
          "line": 56,
          "column": 56
        }
      },
      "15": {
        "start": {
          "line": 57,
          "column": 28
        },
        "end": {
          "line": 57,
          "column": 54
        }
      },
      "16": {
        "start": {
          "line": 59,
          "column": 12
        },
        "end": {
          "line": 59,
          "column": 27
        }
      },
      "17": {
        "start": {
          "line": 61,
          "column": 12
        },
        "end": {
          "line": 67,
          "column": 14
        }
      },
      "18": {
        "start": {
          "line": 20,
          "column": 13
        },
        "end": {
          "line": 70,
          "column": null
        }
      },
      "19": {
        "start": {
          "line": 20,
          "column": 13
        },
        "end": {
          "line": 20,
          "column": 25
        }
      }
    },
    "fnMap": {
      "0": {
        "name": "(anonymous_4)",
        "decl": {
          "start": {
            "line": 26,
            "column": 4
          },
          "end": {
            "line": 26,
            "column": null
          }
        },
        "loc": {
          "start": {
            "line": 28,
            "column": 44
          },
          "end": {
            "line": 29,
            "column": 9
          }
        }
      },
      "1": {
        "name": "(anonymous_5)",
        "decl": {
          "start": {
            "line": 36,
            "column": 4
          },
          "end": {
            "line": 36,
            "column": 9
          }
        },
        "loc": {
          "start": {
            "line": 36,
            "column": 38
          },
          "end": {
            "line": 69,
            "column": 5
          }
        }
      }
    },
    "branchMap": {
      "0": {
        "loc": {
          "start": {
            "line": 42,
            "column": 12
          },
          "end": {
            "line": 48,
            "column": null
          }
        },
        "type": "if",
        "locations": [
          {
            "start": {
              "line": 42,
              "column": 12
            },
            "end": {
              "line": 48,
              "column": null
            }
          }
        ]
      },
      "1": {
        "loc": {
          "start": {
            "line": 63,
            "column": 16
          },
          "end": {
            "line": 63,
            "column": 52
          }
        },
        "type": "binary-expr",
        "locations": [
          {
            "start": {
              "line": 63,
              "column": 16
            },
            "end": {
              "line": 63,
              "column": 26
            }
          },
          {
            "start": {
              "line": 63,
              "column": 30
            },
            "end": {
              "line": 63,
              "column": 52
            }
          }
        ]
      }
    },
    "s": {
      "0": 2,
      "1": 2,
      "2": 2,
      "3": 2,
      "4": 2,
      "5": 2,
      "6": 1,
      "7": 1,
      "8": 0,
      "9": 0,
      "10": 0,
      "11": 0,
      "12": 0,
      "13": 0,
      "14": 0,
      "15": 0,
      "16": 0,
      "17": 0,
      "18": 2,
      "19": 2
    },
    "f": {
      "0": 1,
      "1": 0
    },
    "b": {
      "0": [
        0
      ],
      "1": [
        0,
        0
      ]
    }
  }
}